<?xml version="1.0" encoding="UTF-8"?>
<testsuite xmlns:xsi="http://www.w3.org/2001/XMLSchema-instance" xsi:noNamespaceSchemaLocation="https://maven.apache.org/surefire/maven-surefire-plugin/xsd/surefire-test-report.xsd" version="3.0.2" name="mx.att.digital.customermanagement.OpenApiGeneratorApplicationTests" time="10.805" tests="1" errors="0" skipped="0" failures="0">
  <properties>
    <property name="java.specification.version" value="21"/>
    <property name="sun.jnu.encoding" value="UTF-8"/>
    <property name="java.class.path" value="/mnt/d/wsl/CustomerManagement/customer-management/target/test-classes:/mnt/d/wsl/CustomerManagement/customer-management/target/classes:/home/hmeespinosa/.m2/repository/org/springframework/boot/spring-boot-starter-webflux/3.5.4/spring-boot-starter-webflux-3.5.4.jar:/home/hmeespinosa/.m2/repository/org/springframework/boot/spring-boot-starter/3.5.4/spring-boot-starter-3.5.4.jar:/home/hmeespinosa/.m2/repository/org/springframework/boot/spring-boot/3.5.4/spring-boot-3.5.4.jar:/home/hmeespinosa/.m2/repository/org/springframework/spring-context/6.2.9/spring-context-6.2.9.jar:/home/hmeespinosa/.m2/repository/org/springframework/spring-aop/6.2.9/spring-aop-6.2.9.jar:/home/hmeespinosa/.m2/repository/org/springframework/spring-expression/6.2.9/spring-expression-6.2.9.jar:/home/hmeespinosa/.m2/repository/org/springframework/boot/spring-boot-autoconfigure/3.5.4/spring-boot-autoconfigure-3.5.4.jar:/home/hmeespinosa/.m2/repository/org/springframework/boot/spring-boot-starter-logging/3.5.4/spring-boot-starter-logging-3.5.4.jar:/home/hmeespinosa/.m2/repository/ch/qos/logback/logback-classic/1.5.18/logback-classic-1.5.18.jar:/home/hmeespinosa/.m2/repository/ch/qos/logback/logback-core/1.5.18/logback-core-1.5.18.jar:/home/hmeespinosa/.m2/repository/org/apache/logging/log4j/log4j-to-slf4j/2.24.3/log4j-to-slf4j-2.24.3.jar:/home/hmeespinosa/.m2/repository/org/apache/logging/log4j/log4j-api/2.24.3/log4j-api-2.24.3.jar:/home/hmeespinosa/.m2/repository/org/slf4j/jul-to-slf4j/2.0.17/jul-to-slf4j-2.0.17.jar:/home/hmeespinosa/.m2/repository/jakarta/annotation/jakarta.annotation-api/2.1.1/jakarta.annotation-api-2.1.1.jar:/home/hmeespinosa/.m2/repository/org/springframework/boot/spring-boot-starter-json/3.5.4/spring-boot-starter-json-3.5.4.jar:/home/hmeespinosa/.m2/repository/com/fasterxml/jackson/datatype/jackson-datatype-jdk8/2.19.2/jackson-datatype-jdk8-2.19.2.jar:/home/hmeespinosa/.m2/repository/com/fasterxml/jackson/module/jackson-module-parameter-names/2.19.2/jackson-module-parameter-names-2.19.2.jar:/home/hmeespinosa/.m2/repository/org/springframework/boot/spring-boot-starter-reactor-netty/3.5.4/spring-boot-starter-reactor-netty-3.5.4.jar:/home/hmeespinosa/.m2/repository/io/projectreactor/netty/reactor-netty-http/1.2.8/reactor-netty-http-1.2.8.jar:/home/hmeespinosa/.m2/repository/io/netty/netty-codec-http/4.1.123.Final/netty-codec-http-4.1.123.Final.jar:/home/hmeespinosa/.m2/repository/io/netty/netty-common/4.1.123.Final/netty-common-4.1.123.Final.jar:/home/hmeespinosa/.m2/repository/io/netty/netty-buffer/4.1.123.Final/netty-buffer-4.1.123.Final.jar:/home/hmeespinosa/.m2/repository/io/netty/netty-transport/4.1.123.Final/netty-transport-4.1.123.Final.jar:/home/hmeespinosa/.m2/repository/io/netty/netty-codec/4.1.123.Final/netty-codec-4.1.123.Final.jar:/home/hmeespinosa/.m2/repository/io/netty/netty-handler/4.1.123.Final/netty-handler-4.1.123.Final.jar:/home/hmeespinosa/.m2/repository/io/netty/netty-codec-http2/4.1.123.Final/netty-codec-http2-4.1.123.Final.jar:/home/hmeespinosa/.m2/repository/io/netty/netty-resolver-dns/4.1.123.Final/netty-resolver-dns-4.1.123.Final.jar:/home/hmeespinosa/.m2/repository/io/netty/netty-resolver/4.1.123.Final/netty-resolver-4.1.123.Final.jar:/home/hmeespinosa/.m2/repository/io/netty/netty-codec-dns/4.1.123.Final/netty-codec-dns-4.1.123.Final.jar:/home/hmeespinosa/.m2/repository/io/netty/netty-resolver-dns-native-macos/4.1.123.Final/netty-resolver-dns-native-macos-4.1.123.Final-osx-x86_64.jar:/home/hmeespinosa/.m2/repository/io/netty/netty-resolver-dns-classes-macos/4.1.123.Final/netty-resolver-dns-classes-macos-4.1.123.Final.jar:/home/hmeespinosa/.m2/repository/io/netty/netty-transport-native-epoll/4.1.123.Final/netty-transport-native-epoll-4.1.123.Final-linux-x86_64.jar:/home/hmeespinosa/.m2/repository/io/netty/netty-transport-native-unix-common/4.1.123.Final/netty-transport-native-unix-common-4.1.123.Final.jar:/home/hmeespinosa/.m2/repository/io/netty/netty-transport-classes-epoll/4.1.123.Final/netty-transport-classes-epoll-4.1.123.Final.jar:/home/hmeespinosa/.m2/repository/io/projectreactor/netty/reactor-netty-core/1.2.8/reactor-netty-core-1.2.8.jar:/home/hmeespinosa/.m2/repository/io/netty/netty-handler-proxy/4.1.123.Final/netty-handler-proxy-4.1.123.Final.jar:/home/hmeespinosa/.m2/repository/io/netty/netty-codec-socks/4.1.123.Final/netty-codec-socks-4.1.123.Final.jar:/home/hmeespinosa/.m2/repository/org/springframework/spring-web/6.2.9/spring-web-6.2.9.jar:/home/hmeespinosa/.m2/repository/io/micrometer/micrometer-observation/1.15.2/micrometer-observation-1.15.2.jar:/home/hmeespinosa/.m2/repository/io/micrometer/micrometer-commons/1.15.2/micrometer-commons-1.15.2.jar:/home/hmeespinosa/.m2/repository/org/springframework/spring-webflux/6.2.9/spring-webflux-6.2.9.jar:/home/hmeespinosa/.m2/repository/io/projectreactor/reactor-core/3.7.8/reactor-core-3.7.8.jar:/home/hmeespinosa/.m2/repository/org/reactivestreams/reactive-streams/1.0.4/reactive-streams-1.0.4.jar:/home/hmeespinosa/.m2/repository/org/springframework/data/spring-data-commons/3.5.2/spring-data-commons-3.5.2.jar:/home/hmeespinosa/.m2/repository/org/springframework/spring-core/6.2.9/spring-core-6.2.9.jar:/home/hmeespinosa/.m2/repository/org/springframework/spring-jcl/6.2.9/spring-jcl-6.2.9.jar:/home/hmeespinosa/.m2/repository/org/springframework/spring-beans/6.2.9/spring-beans-6.2.9.jar:/home/hmeespinosa/.m2/repository/org/slf4j/slf4j-api/2.0.17/slf4j-api-2.0.17.jar:/home/hmeespinosa/.m2/repository/org/springdoc/springdoc-openapi-starter-webflux-ui/2.8.0/springdoc-openapi-starter-webflux-ui-2.8.0.jar:/home/hmeespinosa/.m2/repository/org/springdoc/springdoc-openapi-starter-webflux-api/2.8.0/springdoc-openapi-starter-webflux-api-2.8.0.jar:/home/hmeespinosa/.m2/repository/org/springdoc/springdoc-openapi-starter-common/2.8.0/springdoc-openapi-starter-common-2.8.0.jar:/home/hmeespinosa/.m2/repository/io/swagger/core/v3/swagger-core-jakarta/2.2.27/swagger-core-jakarta-2.2.27.jar:/home/hmeespinosa/.m2/repository/org/apache/commons/commons-lang3/3.17.0/commons-lang3-3.17.0.jar:/home/hmeespinosa/.m2/repository/io/swagger/core/v3/swagger-annotations-jakarta/2.2.27/swagger-annotations-jakarta-2.2.27.jar:/home/hmeespinosa/.m2/repository/io/swagger/core/v3/swagger-models-jakarta/2.2.27/swagger-models-jakarta-2.2.27.jar:/home/hmeespinosa/.m2/repository/org/webjars/swagger-ui/5.18.2/swagger-ui-5.18.2.jar:/home/hmeespinosa/.m2/repository/org/webjars/webjars-locator-lite/1.1.0/webjars-locator-lite-1.1.0.jar:/home/hmeespinosa/.m2/repository/org/jspecify/jspecify/1.0.0/jspecify-1.0.0.jar:/home/hmeespinosa/.m2/repository/com/google/code/findbugs/jsr305/3.0.2/jsr305-3.0.2.jar:/home/hmeespinosa/.m2/repository/com/fasterxml/jackson/dataformat/jackson-dataformat-yaml/2.19.2/jackson-dataformat-yaml-2.19.2.jar:/home/hmeespinosa/.m2/repository/org/yaml/snakeyaml/2.4/snakeyaml-2.4.jar:/home/hmeespinosa/.m2/repository/com/fasterxml/jackson/core/jackson-core/2.19.2/jackson-core-2.19.2.jar:/home/hmeespinosa/.m2/repository/com/fasterxml/jackson/datatype/jackson-datatype-jsr310/2.19.2/jackson-datatype-jsr310-2.19.2.jar:/home/hmeespinosa/.m2/repository/com/fasterxml/jackson/core/jackson-annotations/2.19.2/jackson-annotations-2.19.2.jar:/home/hmeespinosa/.m2/repository/org/openapitools/jackson-databind-nullable/0.2.6/jackson-databind-nullable-0.2.6.jar:/home/hmeespinosa/.m2/repository/org/springframework/boot/spring-boot-starter-validation/3.5.4/spring-boot-starter-validation-3.5.4.jar:/home/hmeespinosa/.m2/repository/org/apache/tomcat/embed/tomcat-embed-el/10.1.43/tomcat-embed-el-10.1.43.jar:/home/hmeespinosa/.m2/repository/org/hibernate/validator/hibernate-validator/8.0.2.Final/hibernate-validator-8.0.2.Final.jar:/home/hmeespinosa/.m2/repository/jakarta/validation/jakarta.validation-api/3.0.2/jakarta.validation-api-3.0.2.jar:/home/hmeespinosa/.m2/repository/org/jboss/logging/jboss-logging/3.6.1.Final/jboss-logging-3.6.1.Final.jar:/home/hmeespinosa/.m2/repository/com/fasterxml/classmate/1.7.0/classmate-1.7.0.jar:/home/hmeespinosa/.m2/repository/com/fasterxml/jackson/core/jackson-databind/2.19.2/jackson-databind-2.19.2.jar:/home/hmeespinosa/.m2/repository/org/springframework/boot/spring-boot-starter-test/3.5.4/spring-boot-starter-test-3.5.4.jar:/home/hmeespinosa/.m2/repository/org/springframework/boot/spring-boot-test/3.5.4/spring-boot-test-3.5.4.jar:/home/hmeespinosa/.m2/repository/org/springframework/boot/spring-boot-test-autoconfigure/3.5.4/spring-boot-test-autoconfigure-3.5.4.jar:/home/hmeespinosa/.m2/repository/com/jayway/jsonpath/json-path/2.9.0/json-path-2.9.0.jar:/home/hmeespinosa/.m2/repository/jakarta/xml/bind/jakarta.xml.bind-api/4.0.2/jakarta.xml.bind-api-4.0.2.jar:/home/hmeespinosa/.m2/repository/jakarta/activation/jakarta.activation-api/2.1.3/jakarta.activation-api-2.1.3.jar:/home/hmeespinosa/.m2/repository/net/minidev/json-smart/2.5.2/json-smart-2.5.2.jar:/home/hmeespinosa/.m2/repository/net/minidev/accessors-smart/2.5.2/accessors-smart-2.5.2.jar:/home/hmeespinosa/.m2/repository/org/ow2/asm/asm/9.7.1/asm-9.7.1.jar:/home/hmeespinosa/.m2/repository/org/assertj/assertj-core/3.27.3/assertj-core-3.27.3.jar:/home/hmeespinosa/.m2/repository/net/bytebuddy/byte-buddy/1.17.6/byte-buddy-1.17.6.jar:/home/hmeespinosa/.m2/repository/org/awaitility/awaitility/4.2.2/awaitility-4.2.2.jar:/home/hmeespinosa/.m2/repository/org/hamcrest/hamcrest/3.0/hamcrest-3.0.jar:/home/hmeespinosa/.m2/repository/org/junit/jupiter/junit-jupiter/5.12.2/junit-jupiter-5.12.2.jar:/home/hmeespinosa/.m2/repository/org/junit/jupiter/junit-jupiter-api/5.12.2/junit-jupiter-api-5.12.2.jar:/home/hmeespinosa/.m2/repository/org/opentest4j/opentest4j/1.3.0/opentest4j-1.3.0.jar:/home/hmeespinosa/.m2/repository/org/junit/platform/junit-platform-commons/1.12.2/junit-platform-commons-1.12.2.jar:/home/hmeespinosa/.m2/repository/org/apiguardian/apiguardian-api/1.1.2/apiguardian-api-1.1.2.jar:/home/hmeespinosa/.m2/repository/org/junit/jupiter/junit-jupiter-params/5.12.2/junit-jupiter-params-5.12.2.jar:/home/hmeespinosa/.m2/repository/org/junit/jupiter/junit-jupiter-engine/5.12.2/junit-jupiter-engine-5.12.2.jar:/home/hmeespinosa/.m2/repository/org/junit/platform/junit-platform-engine/1.12.2/junit-platform-engine-1.12.2.jar:/home/hmeespinosa/.m2/repository/org/mockito/mockito-core/5.17.0/mockito-core-5.17.0.jar:/home/hmeespinosa/.m2/repository/net/bytebuddy/byte-buddy-agent/1.17.6/byte-buddy-agent-1.17.6.jar:/home/hmeespinosa/.m2/repository/org/objenesis/objenesis/3.3/objenesis-3.3.jar:/home/hmeespinosa/.m2/repository/org/mockito/mockito-junit-jupiter/5.17.0/mockito-junit-jupiter-5.17.0.jar:/home/hmeespinosa/.m2/repository/org/skyscreamer/jsonassert/1.5.3/jsonassert-1.5.3.jar:/home/hmeespinosa/.m2/repository/com/vaadin/external/google/android-json/0.0.20131108.vaadin1/android-json-0.0.20131108.vaadin1.jar:/home/hmeespinosa/.m2/repository/org/springframework/spring-test/6.2.9/spring-test-6.2.9.jar:/home/hmeespinosa/.m2/repository/org/xmlunit/xmlunit-core/2.10.3/xmlunit-core-2.10.3.jar:"/>
    <property name="java.vm.vendor" value="Ubuntu"/>
    <property name="sun.arch.data.model" value="64"/>
    <property name="java.vendor.url" value="https://ubuntu.com/"/>
    <property name="user.timezone" value="America/Mexico_City"/>
    <property name="org.jboss.logging.provider" value="slf4j"/>
    <property name="os.name" value="Linux"/>
    <property name="java.vm.specification.version" value="21"/>
    <property name="sun.java.launcher" value="SUN_STANDARD"/>
    <property name="sun.boot.library.path" value="/usr/lib/jvm/java-21-openjdk-amd64/lib"/>
    <property name="sun.java.command" value="/mnt/d/wsl/CustomerManagement/customer-management/target/surefire/surefirebooter-20250827021339948_3.jar /mnt/d/wsl/CustomerManagement/customer-management/target/surefire 2025-08-27T02-13-39_815-jvmRun1 surefire-20250827021339948_1tmp surefire_0-20250827021339948_2tmp"/>
    <property name="jdk.debug" value="release"/>
    <property name="surefire.test.class.path" value="/mnt/d/wsl/CustomerManagement/customer-management/target/test-classes:/mnt/d/wsl/CustomerManagement/customer-management/target/classes:/home/hmeespinosa/.m2/repository/org/springframework/boot/spring-boot-starter-webflux/3.5.4/spring-boot-starter-webflux-3.5.4.jar:/home/hmeespinosa/.m2/repository/org/springframework/boot/spring-boot-starter/3.5.4/spring-boot-starter-3.5.4.jar:/home/hmeespinosa/.m2/repository/org/springframework/boot/spring-boot/3.5.4/spring-boot-3.5.4.jar:/home/hmeespinosa/.m2/repository/org/springframework/spring-context/6.2.9/spring-context-6.2.9.jar:/home/hmeespinosa/.m2/repository/org/springframework/spring-aop/6.2.9/spring-aop-6.2.9.jar:/home/hmeespinosa/.m2/repository/org/springframework/spring-expression/6.2.9/spring-expression-6.2.9.jar:/home/hmeespinosa/.m2/repository/org/springframework/boot/spring-boot-autoconfigure/3.5.4/spring-boot-autoconfigure-3.5.4.jar:/home/hmeespinosa/.m2/repository/org/springframework/boot/spring-boot-starter-logging/3.5.4/spring-boot-starter-logging-3.5.4.jar:/home/hmeespinosa/.m2/repository/ch/qos/logback/logback-classic/1.5.18/logback-classic-1.5.18.jar:/home/hmeespinosa/.m2/repository/ch/qos/logback/logback-core/1.5.18/logback-core-1.5.18.jar:/home/hmeespinosa/.m2/repository/org/apache/logging/log4j/log4j-to-slf4j/2.24.3/log4j-to-slf4j-2.24.3.jar:/home/hmeespinosa/.m2/repository/org/apache/logging/log4j/log4j-api/2.24.3/log4j-api-2.24.3.jar:/home/hmeespinosa/.m2/repository/org/slf4j/jul-to-slf4j/2.0.17/jul-to-slf4j-2.0.17.jar:/home/hmeespinosa/.m2/repository/jakarta/annotation/jakarta.annotation-api/2.1.1/jakarta.annotation-api-2.1.1.jar:/home/hmeespinosa/.m2/repository/org/springframework/boot/spring-boot-starter-json/3.5.4/spring-boot-starter-json-3.5.4.jar:/home/hmeespinosa/.m2/repository/com/fasterxml/jackson/datatype/jackson-datatype-jdk8/2.19.2/jackson-datatype-jdk8-2.19.2.jar:/home/hmeespinosa/.m2/repository/com/fasterxml/jackson/module/jackson-module-parameter-names/2.19.2/jackson-module-parameter-names-2.19.2.jar:/home/hmeespinosa/.m2/repository/org/springframework/boot/spring-boot-starter-reactor-netty/3.5.4/spring-boot-starter-reactor-netty-3.5.4.jar:/home/hmeespinosa/.m2/repository/io/projectreactor/netty/reactor-netty-http/1.2.8/reactor-netty-http-1.2.8.jar:/home/hmeespinosa/.m2/repository/io/netty/netty-codec-http/4.1.123.Final/netty-codec-http-4.1.123.Final.jar:/home/hmeespinosa/.m2/repository/io/netty/netty-common/4.1.123.Final/netty-common-4.1.123.Final.jar:/home/hmeespinosa/.m2/repository/io/netty/netty-buffer/4.1.123.Final/netty-buffer-4.1.123.Final.jar:/home/hmeespinosa/.m2/repository/io/netty/netty-transport/4.1.123.Final/netty-transport-4.1.123.Final.jar:/home/hmeespinosa/.m2/repository/io/netty/netty-codec/4.1.123.Final/netty-codec-4.1.123.Final.jar:/home/hmeespinosa/.m2/repository/io/netty/netty-handler/4.1.123.Final/netty-handler-4.1.123.Final.jar:/home/hmeespinosa/.m2/repository/io/netty/netty-codec-http2/4.1.123.Final/netty-codec-http2-4.1.123.Final.jar:/home/hmeespinosa/.m2/repository/io/netty/netty-resolver-dns/4.1.123.Final/netty-resolver-dns-4.1.123.Final.jar:/home/hmeespinosa/.m2/repository/io/netty/netty-resolver/4.1.123.Final/netty-resolver-4.1.123.Final.jar:/home/hmeespinosa/.m2/repository/io/netty/netty-codec-dns/4.1.123.Final/netty-codec-dns-4.1.123.Final.jar:/home/hmeespinosa/.m2/repository/io/netty/netty-resolver-dns-native-macos/4.1.123.Final/netty-resolver-dns-native-macos-4.1.123.Final-osx-x86_64.jar:/home/hmeespinosa/.m2/repository/io/netty/netty-resolver-dns-classes-macos/4.1.123.Final/netty-resolver-dns-classes-macos-4.1.123.Final.jar:/home/hmeespinosa/.m2/repository/io/netty/netty-transport-native-epoll/4.1.123.Final/netty-transport-native-epoll-4.1.123.Final-linux-x86_64.jar:/home/hmeespinosa/.m2/repository/io/netty/netty-transport-native-unix-common/4.1.123.Final/netty-transport-native-unix-common-4.1.123.Final.jar:/home/hmeespinosa/.m2/repository/io/netty/netty-transport-classes-epoll/4.1.123.Final/netty-transport-classes-epoll-4.1.123.Final.jar:/home/hmeespinosa/.m2/repository/io/projectreactor/netty/reactor-netty-core/1.2.8/reactor-netty-core-1.2.8.jar:/home/hmeespinosa/.m2/repository/io/netty/netty-handler-proxy/4.1.123.Final/netty-handler-proxy-4.1.123.Final.jar:/home/hmeespinosa/.m2/repository/io/netty/netty-codec-socks/4.1.123.Final/netty-codec-socks-4.1.123.Final.jar:/home/hmeespinosa/.m2/repository/org/springframework/spring-web/6.2.9/spring-web-6.2.9.jar:/home/hmeespinosa/.m2/repository/io/micrometer/micrometer-observation/1.15.2/micrometer-observation-1.15.2.jar:/home/hmeespinosa/.m2/repository/io/micrometer/micrometer-commons/1.15.2/micrometer-commons-1.15.2.jar:/home/hmeespinosa/.m2/repository/org/springframework/spring-webflux/6.2.9/spring-webflux-6.2.9.jar:/home/hmeespinosa/.m2/repository/io/projectreactor/reactor-core/3.7.8/reactor-core-3.7.8.jar:/home/hmeespinosa/.m2/repository/org/reactivestreams/reactive-streams/1.0.4/reactive-streams-1.0.4.jar:/home/hmeespinosa/.m2/repository/org/springframework/data/spring-data-commons/3.5.2/spring-data-commons-3.5.2.jar:/home/hmeespinosa/.m2/repository/org/springframework/spring-core/6.2.9/spring-core-6.2.9.jar:/home/hmeespinosa/.m2/repository/org/springframework/spring-jcl/6.2.9/spring-jcl-6.2.9.jar:/home/hmeespinosa/.m2/repository/org/springframework/spring-beans/6.2.9/spring-beans-6.2.9.jar:/home/hmeespinosa/.m2/repository/org/slf4j/slf4j-api/2.0.17/slf4j-api-2.0.17.jar:/home/hmeespinosa/.m2/repository/org/springdoc/springdoc-openapi-starter-webflux-ui/2.8.0/springdoc-openapi-starter-webflux-ui-2.8.0.jar:/home/hmeespinosa/.m2/repository/org/springdoc/springdoc-openapi-starter-webflux-api/2.8.0/springdoc-openapi-starter-webflux-api-2.8.0.jar:/home/hmeespinosa/.m2/repository/org/springdoc/springdoc-openapi-starter-common/2.8.0/springdoc-openapi-starter-common-2.8.0.jar:/home/hmeespinosa/.m2/repository/io/swagger/core/v3/swagger-core-jakarta/2.2.27/swagger-core-jakarta-2.2.27.jar:/home/hmeespinosa/.m2/repository/org/apache/commons/commons-lang3/3.17.0/commons-lang3-3.17.0.jar:/home/hmeespinosa/.m2/repository/io/swagger/core/v3/swagger-annotations-jakarta/2.2.27/swagger-annotations-jakarta-2.2.27.jar:/home/hmeespinosa/.m2/repository/io/swagger/core/v3/swagger-models-jakarta/2.2.27/swagger-models-jakarta-2.2.27.jar:/home/hmeespinosa/.m2/repository/org/webjars/swagger-ui/5.18.2/swagger-ui-5.18.2.jar:/home/hmeespinosa/.m2/repository/org/webjars/webjars-locator-lite/1.1.0/webjars-locator-lite-1.1.0.jar:/home/hmeespinosa/.m2/repository/org/jspecify/jspecify/1.0.0/jspecify-1.0.0.jar:/home/hmeespinosa/.m2/repository/com/google/code/findbugs/jsr305/3.0.2/jsr305-3.0.2.jar:/home/hmeespinosa/.m2/repository/com/fasterxml/jackson/dataformat/jackson-dataformat-yaml/2.19.2/jackson-dataformat-yaml-2.19.2.jar:/home/hmeespinosa/.m2/repository/org/yaml/snakeyaml/2.4/snakeyaml-2.4.jar:/home/hmeespinosa/.m2/repository/com/fasterxml/jackson/core/jackson-core/2.19.2/jackson-core-2.19.2.jar:/home/hmeespinosa/.m2/repository/com/fasterxml/jackson/datatype/jackson-datatype-jsr310/2.19.2/jackson-datatype-jsr310-2.19.2.jar:/home/hmeespinosa/.m2/repository/com/fasterxml/jackson/core/jackson-annotations/2.19.2/jackson-annotations-2.19.2.jar:/home/hmeespinosa/.m2/repository/org/openapitools/jackson-databind-nullable/0.2.6/jackson-databind-nullable-0.2.6.jar:/home/hmeespinosa/.m2/repository/org/springframework/boot/spring-boot-starter-validation/3.5.4/spring-boot-starter-validation-3.5.4.jar:/home/hmeespinosa/.m2/repository/org/apache/tomcat/embed/tomcat-embed-el/10.1.43/tomcat-embed-el-10.1.43.jar:/home/hmeespinosa/.m2/repository/org/hibernate/validator/hibernate-validator/8.0.2.Final/hibernate-validator-8.0.2.Final.jar:/home/hmeespinosa/.m2/repository/jakarta/validation/jakarta.validation-api/3.0.2/jakarta.validation-api-3.0.2.jar:/home/hmeespinosa/.m2/repository/org/jboss/logging/jboss-logging/3.6.1.Final/jboss-logging-3.6.1.Final.jar:/home/hmeespinosa/.m2/repository/com/fasterxml/classmate/1.7.0/classmate-1.7.0.jar:/home/hmeespinosa/.m2/repository/com/fasterxml/jackson/core/jackson-databind/2.19.2/jackson-databind-2.19.2.jar:/home/hmeespinosa/.m2/repository/org/springframework/boot/spring-boot-starter-test/3.5.4/spring-boot-starter-test-3.5.4.jar:/home/hmeespinosa/.m2/repository/org/springframework/boot/spring-boot-test/3.5.4/spring-boot-test-3.5.4.jar:/home/hmeespinosa/.m2/repository/org/springframework/boot/spring-boot-test-autoconfigure/3.5.4/spring-boot-test-autoconfigure-3.5.4.jar:/home/hmeespinosa/.m2/repository/com/jayway/jsonpath/json-path/2.9.0/json-path-2.9.0.jar:/home/hmeespinosa/.m2/repository/jakarta/xml/bind/jakarta.xml.bind-api/4.0.2/jakarta.xml.bind-api-4.0.2.jar:/home/hmeespinosa/.m2/repository/jakarta/activation/jakarta.activation-api/2.1.3/jakarta.activation-api-2.1.3.jar:/home/hmeespinosa/.m2/repository/net/minidev/json-smart/2.5.2/json-smart-2.5.2.jar:/home/hmeespinosa/.m2/repository/net/minidev/accessors-smart/2.5.2/accessors-smart-2.5.2.jar:/home/hmeespinosa/.m2/repository/org/ow2/asm/asm/9.7.1/asm-9.7.1.jar:/home/hmeespinosa/.m2/repository/org/assertj/assertj-core/3.27.3/assertj-core-3.27.3.jar:/home/hmeespinosa/.m2/repository/net/bytebuddy/byte-buddy/1.17.6/byte-buddy-1.17.6.jar:/home/hmeespinosa/.m2/repository/org/awaitility/awaitility/4.2.2/awaitility-4.2.2.jar:/home/hmeespinosa/.m2/repository/org/hamcrest/hamcrest/3.0/hamcrest-3.0.jar:/home/hmeespinosa/.m2/repository/org/junit/jupiter/junit-jupiter/5.12.2/junit-jupiter-5.12.2.jar:/home/hmeespinosa/.m2/repository/org/junit/jupiter/junit-jupiter-api/5.12.2/junit-jupiter-api-5.12.2.jar:/home/hmeespinosa/.m2/repository/org/opentest4j/opentest4j/1.3.0/opentest4j-1.3.0.jar:/home/hmeespinosa/.m2/repository/org/junit/platform/junit-platform-commons/1.12.2/junit-platform-commons-1.12.2.jar:/home/hmeespinosa/.m2/repository/org/apiguardian/apiguardian-api/1.1.2/apiguardian-api-1.1.2.jar:/home/hmeespinosa/.m2/repository/org/junit/jupiter/junit-jupiter-params/5.12.2/junit-jupiter-params-5.12.2.jar:/home/hmeespinosa/.m2/repository/org/junit/jupiter/junit-jupiter-engine/5.12.2/junit-jupiter-engine-5.12.2.jar:/home/hmeespinosa/.m2/repository/org/junit/platform/junit-platform-engine/1.12.2/junit-platform-engine-1.12.2.jar:/home/hmeespinosa/.m2/repository/org/mockito/mockito-core/5.17.0/mockito-core-5.17.0.jar:/home/hmeespinosa/.m2/repository/net/bytebuddy/byte-buddy-agent/1.17.6/byte-buddy-agent-1.17.6.jar:/home/hmeespinosa/.m2/repository/org/objenesis/objenesis/3.3/objenesis-3.3.jar:/home/hmeespinosa/.m2/repository/org/mockito/mockito-junit-jupiter/5.17.0/mockito-junit-jupiter-5.17.0.jar:/home/hmeespinosa/.m2/repository/org/skyscreamer/jsonassert/1.5.3/jsonassert-1.5.3.jar:/home/hmeespinosa/.m2/repository/com/vaadin/external/google/android-json/0.0.20131108.vaadin1/android-json-0.0.20131108.vaadin1.jar:/home/hmeespinosa/.m2/repository/org/springframework/spring-test/6.2.9/spring-test-6.2.9.jar:/home/hmeespinosa/.m2/repository/org/xmlunit/xmlunit-core/2.10.3/xmlunit-core-2.10.3.jar:"/>
    <property name="sun.cpu.endian" value="little"/>
    <property name="user.home" value="/home/hmeespinosa"/>
    <property name="user.language" value="en"/>
    <property name="java.specification.vendor" value="Oracle Corporation"/>
    <property name="java.version.date" value="2025-07-15"/>
    <property name="java.home" value="/usr/lib/jvm/java-21-openjdk-amd64"/>
    <property name="file.separator" value="/"/>
    <property name="basedir" value="/mnt/d/wsl/CustomerManagement/customer-management"/>
    <property name="java.vm.compressedOopsMode" value="32-bit"/>
    <property name="line.separator" value="&#10;"/>
    <property name="java.specification.name" value="Java Platform API Specification"/>
    <property name="java.vm.specification.vendor" value="Oracle Corporation"/>
    <property name="FILE_LOG_CHARSET" value="UTF-8"/>
    <property name="java.awt.headless" value="true"/>
    <property name="surefire.real.class.path" value="/mnt/d/wsl/CustomerManagement/customer-management/target/surefire/surefirebooter-20250827021339948_3.jar"/>
    <property name="sun.management.compiler" value="HotSpot 64-Bit Tiered Compilers"/>
    <property name="java.runtime.version" value="21.0.8+9-Ubuntu-0ubuntu124.04.1"/>
    <property name="user.name" value="hmeespinosa"/>
    <property name="stdout.encoding" value="UTF-8"/>
    <property name="path.separator" value=":"/>
    <property name="os.version" value="6.6.87.2-microsoft-standard-WSL2"/>
    <property name="java.runtime.name" value="OpenJDK Runtime Environment"/>
    <property name="file.encoding" value="UTF-8"/>
    <property name="java.vm.name" value="OpenJDK 64-Bit Server VM"/>
    <property name="localRepository" value="/home/hmeespinosa/.m2/repository"/>
    <property name="java.vendor.url.bug" value="https://bugs.launchpad.net/ubuntu/+source/openjdk-21"/>
    <property name="java.io.tmpdir" value="/tmp"/>
    <property name="java.version" value="21.0.8"/>
    <property name="user.dir" value="/mnt/d/wsl/CustomerManagement/customer-management"/>
    <property name="os.arch" value="amd64"/>
    <property name="java.vm.specification.name" value="Java Virtual Machine Specification"/>
    <property name="PID" value="3533"/>
    <property name="CONSOLE_LOG_CHARSET" value="UTF-8"/>
    <property name="native.encoding" value="UTF-8"/>
    <property name="java.library.path" value="/usr/java/packages/lib:/usr/lib/x86_64-linux-gnu/jni:/lib/x86_64-linux-gnu:/usr/lib/x86_64-linux-gnu:/usr/lib/jni:/lib:/usr/lib"/>
    <property name="stderr.encoding" value="UTF-8"/>
    <property name="java.vm.info" value="mixed mode, sharing"/>
    <property name="java.vendor" value="Ubuntu"/>
    <property name="java.vm.version" value="21.0.8+9-Ubuntu-0ubuntu124.04.1"/>
    <property name="sun.io.unicode.encoding" value="UnicodeLittle"/>
    <property name="java.class.version" value="65.0"/>
  </properties>
  <testcase name="contextLoads" classname="mx.att.digital.customermanagement.OpenApiGeneratorApplicationTests" time="1.893">
    <system-out><![CDATA[02:13:41.577 [main] INFO org.springframework.test.context.support.AnnotationConfigContextLoaderUtils -- Could not detect default configuration classes for test class [mx.att.digital.customermanagement.OpenApiGeneratorApplicationTests]: OpenApiGeneratorApplicationTests does not declare any static, non-private, non-final, nested classes annotated with @Configuration.
02:13:42.138 [main] INFO org.springframework.boot.test.context.SpringBootTestContextBootstrapper -- Found @SpringBootConfiguration mx.att.digital.customermanagement.OpenApiGeneratorApplication for test class mx.att.digital.customermanagement.OpenApiGeneratorApplicationTests

  .   ____          _            __ _ _
 /\\ / ___'_ __ _ _(_)_ __  __ _ \ \ \ \
( ( )\___ | '_ | '_| | '_ \/ _` | \ \ \ \
 \\/  ___)| |_)| | | | | || (_| |  ) ) ) )
  '  |____| .__|_| |_|_| |_\__, | / / / /
 =========|_|==============|___/=/_/_/_/

 :: Spring Boot ::                (v3.5.4)

2025-08-27T02:13:43.575-06:00  INFO 3533 --- [           main] m.a.d.c.OpenApiGeneratorApplicationTests : Starting OpenApiGeneratorApplicationTests using Java 21.0.8 with PID 3533 (started by hmeespinosa in /mnt/d/wsl/CustomerManagement/customer-management)
2025-08-27T02:13:43.577-06:00  INFO 3533 --- [           main] m.a.d.c.OpenApiGeneratorApplicationTests : No active profile set, falling back to 1 default profile: "default"
2025-08-27T02:13:49.972-06:00  INFO 3533 --- [           main] m.a.d.c.OpenApiGeneratorApplicationTests : Started OpenApiGeneratorApplicationTests in 7.254 seconds (process running for 9.921)
]]></system-out>
    <system-err><![CDATA[Mockito is currently self-attaching to enable the inline-mock-maker. This will no longer work in future releases of the JDK. Please add Mockito as an agent to your build as described in Mockito's documentation: https://javadoc.io/doc/org.mockito/mockito-core/latest/org.mockito/org/mockito/Mockito.html#0.3
WARNING: A Java agent has been loaded dynamically (/home/hmeespinosa/.m2/repository/net/bytebuddy/byte-buddy-agent/1.17.6/byte-buddy-agent-1.17.6.jar)
WARNING: If a serviceability tool is in use, please run with -XX:+EnableDynamicAgentLoading to hide this warning
WARNING: If a serviceability tool is not in use, please run with -Djdk.instrument.traceUsage for more information
WARNING: Dynamic loading of agents will be disallowed by default in a future release
]]></system-err>
  </testcase>
</testsuite>